<?xml version="1.0" encoding="UTF-8"?>
<!-- Generated by org.testng.reporters.JUnitXMLReporter -->
<testsuite ignored="1" hostname="LAPTOP-04B1LE1H" failures="0" tests="1" name="sample-page-factory-project" time="3.907" errors="0" timestamp="2023-12-08T15:30:16 GMT">
  <testcase classname="com.nopcommerce.demo.testsuite.LoginPageTest" name="verifyUserShouldNavigateToLoginPage" time="0.47"/>
  <testcase classname="com.nopcommerce.demo.testsuite.LoginPageTest" name="verifyErrorMessageWithInvalidCredentials" time="0.0">
    <ignored/>
  </testcase> <!-- verifyErrorMessageWithInvalidCredentials -->
</testsuite> <!-- sample-page-factory-project -->
