<?xml version="1.0" encoding="UTF-8"?>
<testsuite name="Login Test"
           tests="2"
           failures="0"
           errors="0"
           skipped="0"
           time="2.264">
  <properties />
  
  
            <testcase name="verifyUserShouldNavigateToLoginPage" time="0.949" classname="com.nopcommerce.demo.testsuite.LoginPageTest" />
                <testcase name="verifyErrorMessageWithInvalidCredentials" time="1.315" classname="com.nopcommerce.demo.testsuite.LoginPageTest" />
      
</testsuite>
