<?xml version="1.0" encoding="UTF-8"?>
<testng-results ignored="0" total="2" passed="1" failed="1" skipped="0">
  <reporter-output>
  </reporter-output>
  <suite started-at="2023-12-13T20:42:23 GMT" name="testsuite" finished-at="2023-12-13T20:42:35 GMT" duration-ms="11950">
    <groups>
    </groups>
    <test started-at="2023-12-13T20:42:23 GMT" name="Login Test" finished-at="2023-12-13T20:42:35 GMT" duration-ms="11950">
      <class name="com.nopcommerce.demo.testsuite.LoginPageTest">
        <test-method is-config="true" signature="setUp()[pri:0, instance:com.nopcommerce.demo.testsuite.LoginPageTest@60dcc9fe]" started-at="2023-12-13T20:42:23 GMT" name="setUp" finished-at="2023-12-13T20:42:29 GMT" duration-ms="6037" status="PASS">
          <reporter-output>
          </reporter-output>
        </test-method> <!-- setUp -->
        <test-method is-config="true" signature="inIt()[pri:0, instance:com.nopcommerce.demo.testsuite.LoginPageTest@60dcc9fe]" started-at="2023-12-13T20:42:29 GMT" name="inIt" finished-at="2023-12-13T20:42:29 GMT" duration-ms="28" status="PASS">
          <reporter-output>
          </reporter-output>
        </test-method> <!-- inIt -->
        <test-method signature="verifyErrorMessageWithInvalidCredentials()[pri:0, instance:com.nopcommerce.demo.testsuite.LoginPageTest@60dcc9fe]" started-at="2023-12-13T20:42:29 GMT" name="verifyErrorMessageWithInvalidCredentials" finished-at="2023-12-13T20:42:30 GMT" duration-ms="1211" status="PASS">
          <reporter-output>
          </reporter-output>
        </test-method> <!-- verifyErrorMessageWithInvalidCredentials -->
        <test-method is-config="true" signature="tearDown()[pri:0, instance:com.nopcommerce.demo.testsuite.LoginPageTest@60dcc9fe]" started-at="2023-12-13T20:42:30 GMT" name="tearDown" finished-at="2023-12-13T20:42:31 GMT" duration-ms="200" status="PASS">
          <reporter-output>
          </reporter-output>
        </test-method> <!-- tearDown -->
        <test-method is-config="true" signature="setUp()[pri:0, instance:com.nopcommerce.demo.testsuite.LoginPageTest@60dcc9fe]" started-at="2023-12-13T20:42:31 GMT" name="setUp" finished-at="2023-12-13T20:42:34 GMT" duration-ms="2941" status="PASS">
          <reporter-output>
          </reporter-output>
        </test-method> <!-- setUp -->
        <test-method is-config="true" signature="inIt()[pri:0, instance:com.nopcommerce.demo.testsuite.LoginPageTest@60dcc9fe]" started-at="2023-12-13T20:42:34 GMT" name="inIt" finished-at="2023-12-13T20:42:34 GMT" duration-ms="11" status="PASS">
          <reporter-output>
          </reporter-output>
        </test-method> <!-- inIt -->
        <test-method signature="verifyUserShouldNavigateToLoginPage()[pri:0, instance:com.nopcommerce.demo.testsuite.LoginPageTest@60dcc9fe]" started-at="2023-12-13T20:42:34 GMT" name="verifyUserShouldNavigateToLoginPage" finished-at="2023-12-13T20:42:34 GMT" duration-ms="668" status="FAIL">
          <exception class="java.lang.AssertionError">
            <message>
              <![CDATA[Login page not displayed expected [Welcome, Please Sign In!] but found [Welcome, Please Sign In]]]>
            </message>
            <full-stacktrace>
              <![CDATA[java.lang.AssertionError: Login page not displayed expected [Welcome, Please Sign In!] but found [Welcome, Please Sign In]
at org.testng.Assert.fail(Assert.java:111)
at org.testng.Assert.failNotEquals(Assert.java:1578)
at org.testng.Assert.assertEqualsImpl(Assert.java:150)
at org.testng.Assert.assertEquals(Assert.java:132)
at org.testng.Assert.assertEquals(Assert.java:656)
at com.nopcommerce.demo.testsuite.LoginPageTest.verifyUserShouldNavigateToLoginPage(LoginPageTest.java:32)
at java.base/jdk.internal.reflect.NativeMethodAccessorImpl.invoke0(Native Method)
at java.base/jdk.internal.reflect.NativeMethodAccessorImpl.invoke(NativeMethodAccessorImpl.java:77)
at java.base/jdk.internal.reflect.DelegatingMethodAccessorImpl.invoke(DelegatingMethodAccessorImpl.java:43)
at java.base/java.lang.reflect.Method.invoke(Method.java:568)
at org.testng.internal.invokers.MethodInvocationHelper.invokeMethod(MethodInvocationHelper.java:139)
at org.testng.internal.invokers.TestInvoker.invokeMethod(TestInvoker.java:664)
at org.testng.internal.invokers.TestInvoker.invokeTestMethod(TestInvoker.java:227)
at org.testng.internal.invokers.MethodRunner.runInSequence(MethodRunner.java:50)
at org.testng.internal.invokers.TestInvoker$MethodInvocationAgent.invoke(TestInvoker.java:957)
at org.testng.internal.invokers.TestInvoker.invokeTestMethods(TestInvoker.java:200)
at org.testng.internal.invokers.TestMethodWorker.invokeTestMethods(TestMethodWorker.java:148)
at org.testng.internal.invokers.TestMethodWorker.run(TestMethodWorker.java:128)
at java.base/java.util.ArrayList.forEach(ArrayList.java:1511)
at org.testng.TestRunner.privateRun(TestRunner.java:848)
at org.testng.TestRunner.run(TestRunner.java:621)
at org.testng.SuiteRunner.runTest(SuiteRunner.java:443)
at org.testng.SuiteRunner.runSequentially(SuiteRunner.java:437)
at org.testng.SuiteRunner.privateRun(SuiteRunner.java:397)
at org.testng.SuiteRunner.run(SuiteRunner.java:336)
at org.testng.SuiteRunnerWorker.runSuite(SuiteRunnerWorker.java:52)
at org.testng.SuiteRunnerWorker.run(SuiteRunnerWorker.java:95)
at org.testng.TestNG.runSuitesSequentially(TestNG.java:1280)
at org.testng.TestNG.runSuitesLocally(TestNG.java:1200)
at org.testng.TestNG.runSuites(TestNG.java:1114)
at org.testng.TestNG.run(TestNG.java:1082)
at com.intellij.rt.testng.IDEARemoteTestNG.run(IDEARemoteTestNG.java:66)
at com.intellij.rt.testng.RemoteTestNGStarter.main(RemoteTestNGStarter.java:105)
]]>
            </full-stacktrace>
          </exception> <!-- java.lang.AssertionError -->
          <reporter-output>
          </reporter-output>
        </test-method> <!-- verifyUserShouldNavigateToLoginPage -->
        <test-method is-config="true" signature="tearDown()[pri:0, instance:com.nopcommerce.demo.testsuite.LoginPageTest@60dcc9fe]" started-at="2023-12-13T20:42:34 GMT" name="tearDown" finished-at="2023-12-13T20:42:35 GMT" duration-ms="199" status="PASS">
          <reporter-output>
          </reporter-output>
        </test-method> <!-- tearDown -->
      </class> <!-- com.nopcommerce.demo.testsuite.LoginPageTest -->
    </test> <!-- Login Test -->
  </suite> <!-- testsuite -->
</testng-results>
