<?xml version="1.0" encoding="UTF-8"?>
<testng-results ignored="0" total="1" passed="1" failed="0" skipped="0">
  <reporter-output>
  </reporter-output>
  <suite started-at="2023-12-08T15:30:12 GMT" name="Default Suite" finished-at="2023-12-08T15:30:16 GMT" duration-ms="3907">
    <groups>
    </groups>
    <test started-at="2023-12-08T15:30:12 GMT" name="sample-page-factory-project" finished-at="2023-12-08T15:30:16 GMT" duration-ms="3907">
      <class name="com.nopcommerce.demo.testsuite.LoginPageTest">
        <test-method is-config="true" signature="setUp()[pri:0, instance:com.nopcommerce.demo.testsuite.LoginPageTest@43301423]" started-at="2023-12-08T15:30:12 GMT" name="setUp" finished-at="2023-12-08T15:30:15 GMT" duration-ms="2995" status="PASS">
          <reporter-output>
          </reporter-output>
        </test-method> <!-- setUp -->
        <test-method signature="verifyUserShouldNavigateToLoginPage()[pri:0, instance:com.nopcommerce.demo.testsuite.LoginPageTest@43301423]" started-at="2023-12-08T15:30:15 GMT" name="verifyUserShouldNavigateToLoginPage" finished-at="2023-12-08T15:30:16 GMT" duration-ms="470" status="PASS">
          <reporter-output>
          </reporter-output>
        </test-method> <!-- verifyUserShouldNavigateToLoginPage -->
        <test-method is-config="true" signature="tearDown()[pri:0, instance:com.nopcommerce.demo.testsuite.LoginPageTest@43301423]" started-at="2023-12-08T15:30:16 GMT" name="tearDown" finished-at="2023-12-08T15:30:16 GMT" duration-ms="178" status="PASS">
          <reporter-output>
          </reporter-output>
        </test-method> <!-- tearDown -->
      </class> <!-- com.nopcommerce.demo.testsuite.LoginPageTest -->
    </test> <!-- sample-page-factory-project -->
  </suite> <!-- Default Suite -->
</testng-results>
